2026-03-04 14:41:16,015 - RTDClient - INFO - C:\Users\z1837\OneDrive\Desktop\QQQ GEX Heatmap\src\rtd\client.py:86 - RTD Client instance created
2026-03-04 14:41:16,016 - RTDClient - INFO - C:\Users\z1837\OneDrive\Desktop\QQQ GEX Heatmap\src\rtd\client.py:122 - Starting RTD server initialization
2026-03-04 14:41:16,022 - RTDClient - INFO - C:\Users\z1837\OneDrive\Desktop\QQQ GEX Heatmap\src\rtd\client.py:140 - Server started successfully
2026-03-04 14:41:16,022 - RTDClient - INFO - C:\Users\z1837\OneDrive\Desktop\QQQ GEX Heatmap\src\rtd\client.py:424 - Heartbeat interval set to 500ms
2026-03-04 14:41:16,022 - RTDClient - INFO - C:\Users\z1837\OneDrive\Desktop\QQQ GEX Heatmap\src\rtd\client.py:145 - Heartbeat interval updated: 200ms -> 500ms
2026-03-04 14:41:18,034 - RTDClient - INFO - C:\Users\z1837\OneDrive\Desktop\QQQ GEX Heatmap\src\rtd\client.py:182 - Already subscribed to .QQQ260304P608 OPEN_INT
2026-03-04 14:41:18,071 - RTDClient - INFO - C:\Users\z1837\OneDrive\Desktop\QQQ GEX Heatmap\src\rtd\client.py:182 - Already subscribed to .QQQ260306P602 GAMMA
2026-03-04 14:41:18,096 - RTDClient - INFO - C:\Users\z1837\OneDrive\Desktop\QQQ GEX Heatmap\src\rtd\client.py:182 - Already subscribed to .QQQ260309P609 OPEN_INT
2026-03-04 14:41:18,100 - RTDClient - INFO - C:\Users\z1837\OneDrive\Desktop\QQQ GEX Heatmap\src\rtd\client.py:182 - Already subscribed to .QQQ260309P616 GAMMA
2026-03-04 14:41:25,314 - RTDClient - INFO - C:\Users\z1837\OneDrive\Desktop\QQQ GEX Heatmap\src\rtd\client.py:453 - Starting disconnect sequence
2026-03-04 14:41:25,373 - RTDClient - INFO - C:\Users\z1837\OneDrive\Desktop\QQQ GEX Heatmap\src\rtd\client.py:570 - Batch unsubscribe completed: 817/817 successful
2026-03-04 14:41:25,395 - RTDClient - INFO - C:\Users\z1837\OneDrive\Desktop\QQQ GEX Heatmap\src\rtd\client.py:468 - Server terminated
2026-03-04 14:41:25,398 - RTDClient - INFO - C:\Users\z1837\OneDrive\Desktop\QQQ GEX Heatmap\src\rtd\client.py:476 - Disconnect completed
2026-03-04 14:45:11,610 - RTDClient - INFO - C:\Users\z1837\OneDrive\Desktop\QQQ GEX Heatmap\src\rtd\client.py:86 - RTD Client instance created
2026-03-04 14:45:11,611 - RTDClient - INFO - C:\Users\z1837\OneDrive\Desktop\QQQ GEX Heatmap\src\rtd\client.py:122 - Starting RTD server initialization
2026-03-04 14:45:11,617 - RTDClient - INFO - C:\Users\z1837\OneDrive\Desktop\QQQ GEX Heatmap\src\rtd\client.py:140 - Server started successfully
2026-03-04 14:45:11,617 - RTDClient - INFO - C:\Users\z1837\OneDrive\Desktop\QQQ GEX Heatmap\src\rtd\client.py:424 - Heartbeat interval set to 500ms
2026-03-04 14:45:11,617 - RTDClient - INFO - C:\Users\z1837\OneDrive\Desktop\QQQ GEX Heatmap\src\rtd\client.py:145 - Heartbeat interval updated: 200ms -> 500ms
2026-03-04 14:45:13,626 - RTDClient - INFO - C:\Users\z1837\OneDrive\Desktop\QQQ GEX Heatmap\src\rtd\client.py:182 - Already subscribed to .QQQ260304P608 OPEN_INT
2026-03-04 14:45:13,655 - RTDClient - INFO - C:\Users\z1837\OneDrive\Desktop\QQQ GEX Heatmap\src\rtd\client.py:182 - Already subscribed to .QQQ260306P602 GAMMA
2026-03-04 14:45:13,674 - RTDClient - INFO - C:\Users\z1837\OneDrive\Desktop\QQQ GEX Heatmap\src\rtd\client.py:182 - Already subscribed to .QQQ260309P609 OPEN_INT
2026-03-04 14:45:13,677 - RTDClient - INFO - C:\Users\z1837\OneDrive\Desktop\QQQ GEX Heatmap\src\rtd\client.py:182 - Already subscribed to .QQQ260309P616 GAMMA
2026-03-04 14:45:20,901 - RTDClient - INFO - C:\Users\z1837\OneDrive\Desktop\QQQ GEX Heatmap\src\rtd\client.py:453 - Starting disconnect sequence
2026-03-04 14:45:20,961 - RTDClient - INFO - C:\Users\z1837\OneDrive\Desktop\QQQ GEX Heatmap\src\rtd\client.py:570 - Batch unsubscribe completed: 817/817 successful
2026-03-04 14:45:20,975 - RTDClient - INFO - C:\Users\z1837\OneDrive\Desktop\QQQ GEX Heatmap\src\rtd\client.py:468 - Server terminated
2026-03-04 14:45:20,978 - RTDClient - INFO - C:\Users\z1837\OneDrive\Desktop\QQQ GEX Heatmap\src\rtd\client.py:476 - Disconnect completed
2026-03-04 14:50:21,979 - RTDClient - INFO - C:\Users\z1837\OneDrive\Desktop\QQQ GEX Heatmap\src\rtd\client.py:86 - RTD Client instance created
2026-03-04 14:50:21,980 - RTDClient - INFO - C:\Users\z1837\OneDrive\Desktop\QQQ GEX Heatmap\src\rtd\client.py:122 - Starting RTD server initialization
2026-03-04 14:50:21,983 - RTDClient - INFO - C:\Users\z1837\OneDrive\Desktop\QQQ GEX Heatmap\src\rtd\client.py:140 - Server started successfully
2026-03-04 14:50:21,983 - RTDClient - INFO - C:\Users\z1837\OneDrive\Desktop\QQQ GEX Heatmap\src\rtd\client.py:424 - Heartbeat interval set to 500ms
2026-03-04 14:50:21,983 - RTDClient - INFO - C:\Users\z1837\OneDrive\Desktop\QQQ GEX Heatmap\src\rtd\client.py:145 - Heartbeat interval updated: 200ms -> 500ms
2026-03-04 14:50:23,994 - RTDClient - INFO - C:\Users\z1837\OneDrive\Desktop\QQQ GEX Heatmap\src\rtd\client.py:182 - Already subscribed to .QQQ260304P608 OPEN_INT
2026-03-04 14:50:24,030 - RTDClient - INFO - C:\Users\z1837\OneDrive\Desktop\QQQ GEX Heatmap\src\rtd\client.py:182 - Already subscribed to .QQQ260306P602 GAMMA
2026-03-04 14:50:24,055 - RTDClient - INFO - C:\Users\z1837\OneDrive\Desktop\QQQ GEX Heatmap\src\rtd\client.py:182 - Already subscribed to .QQQ260309P609 OPEN_INT
2026-03-04 14:50:24,058 - RTDClient - INFO - C:\Users\z1837\OneDrive\Desktop\QQQ GEX Heatmap\src\rtd\client.py:182 - Already subscribed to .QQQ260309P616 GAMMA
2026-03-04 14:50:31,222 - RTDClient - INFO - C:\Users\z1837\OneDrive\Desktop\QQQ GEX Heatmap\src\rtd\client.py:453 - Starting disconnect sequence
2026-03-04 14:50:31,282 - RTDClient - INFO - C:\Users\z1837\OneDrive\Desktop\QQQ GEX Heatmap\src\rtd\client.py:570 - Batch unsubscribe completed: 817/817 successful
2026-03-04 14:50:31,296 - RTDClient - INFO - C:\Users\z1837\OneDrive\Desktop\QQQ GEX Heatmap\src\rtd\client.py:468 - Server terminated
2026-03-04 14:50:31,298 - RTDClient - INFO - C:\Users\z1837\OneDrive\Desktop\QQQ GEX Heatmap\src\rtd\client.py:476 - Disconnect completed
2026-03-04 14:55:32,300 - RTDClient - INFO - C:\Users\z1837\OneDrive\Desktop\QQQ GEX Heatmap\src\rtd\client.py:86 - RTD Client instance created
2026-03-04 14:55:32,301 - RTDClient - INFO - C:\Users\z1837\OneDrive\Desktop\QQQ GEX Heatmap\src\rtd\client.py:122 - Starting RTD server initialization
2026-03-04 14:55:32,304 - RTDClient - INFO - C:\Users\z1837\OneDrive\Desktop\QQQ GEX Heatmap\src\rtd\client.py:140 - Server started successfully
2026-03-04 14:55:32,304 - RTDClient - INFO - C:\Users\z1837\OneDrive\Desktop\QQQ GEX Heatmap\src\rtd\client.py:424 - Heartbeat interval set to 500ms
2026-03-04 14:55:32,304 - RTDClient - INFO - C:\Users\z1837\OneDrive\Desktop\QQQ GEX Heatmap\src\rtd\client.py:145 - Heartbeat interval updated: 200ms -> 500ms
2026-03-04 14:55:34,314 - RTDClient - INFO - C:\Users\z1837\OneDrive\Desktop\QQQ GEX Heatmap\src\rtd\client.py:182 - Already subscribed to .QQQ260304P608 OPEN_INT
2026-03-04 14:55:34,352 - RTDClient - INFO - C:\Users\z1837\OneDrive\Desktop\QQQ GEX Heatmap\src\rtd\client.py:182 - Already subscribed to .QQQ260306P602 GAMMA
2026-03-04 14:55:34,376 - RTDClient - INFO - C:\Users\z1837\OneDrive\Desktop\QQQ GEX Heatmap\src\rtd\client.py:182 - Already subscribed to .QQQ260309P609 OPEN_INT
2026-03-04 14:55:34,380 - RTDClient - INFO - C:\Users\z1837\OneDrive\Desktop\QQQ GEX Heatmap\src\rtd\client.py:182 - Already subscribed to .QQQ260309P616 GAMMA
2026-03-04 14:55:41,615 - RTDClient - INFO - C:\Users\z1837\OneDrive\Desktop\QQQ GEX Heatmap\src\rtd\client.py:453 - Starting disconnect sequence
2026-03-04 14:55:41,675 - RTDClient - INFO - C:\Users\z1837\OneDrive\Desktop\QQQ GEX Heatmap\src\rtd\client.py:570 - Batch unsubscribe completed: 817/817 successful
2026-03-04 14:55:41,698 - RTDClient - INFO - C:\Users\z1837\OneDrive\Desktop\QQQ GEX Heatmap\src\rtd\client.py:468 - Server terminated
2026-03-04 14:55:41,701 - RTDClient - INFO - C:\Users\z1837\OneDrive\Desktop\QQQ GEX Heatmap\src\rtd\client.py:476 - Disconnect completed
